<?xml version="1.0" encoding="UTF-8"?>
<!-- Generated by org.testng.reporters.JUnitReportReporter -->
<testsuite hostname="Harshit-Kumar-Retina.local" name="tests.NewTest" tests="1" failures="0" timestamp="1 Jul 2020 17:35:57 GMT" time="18.889" errors="0">
  <testcase name="openMyBlog" time="18.889" classname="tests.NewTest"/>
</testsuite> <!-- tests.NewTest -->
